0 info it worked if it ends with ok
1 verbose cli [ 'C:\\Program Files\\nodejs\\\\node.exe',
1 verbose cli   'C:\\Program Files\\nodejs\\node_modules\\npm\\bin\\npm-cli.js',
1 verbose cli   'install',
1 verbose cli   '--save-dev',
1 verbose cli   'chai-as-promise' ]
2 info using npm@1.4.28
3 info using node@v0.10.33
4 verbose node symlink C:\Program Files\nodejs\\node.exe
5 warn package.json jobFinder@0.0.0 No repository field.
6 warn package.json karma-chrome-launcher@0.1.7 No README data
7 warn package.json karma-commonjs@0.0.13 No README data
8 warn package.json karma-mocha@0.1.10 No README data
9 verbose readDependencies using package.json deps
10 verbose cache add [ 'chai-as-promise', null ]
11 verbose cache add name=undefined spec="chai-as-promise" args=["chai-as-promise",null]
12 verbose parsed url { protocol: null,
12 verbose parsed url   slashes: null,
12 verbose parsed url   auth: null,
12 verbose parsed url   host: null,
12 verbose parsed url   port: null,
12 verbose parsed url   hostname: null,
12 verbose parsed url   hash: null,
12 verbose parsed url   search: null,
12 verbose parsed url   query: null,
12 verbose parsed url   pathname: 'chai-as-promise',
12 verbose parsed url   path: 'chai-as-promise',
12 verbose parsed url   href: 'chai-as-promise' }
13 silly lockFile e7560054-chai-as-promise chai-as-promise
14 verbose lock chai-as-promise C:\Users\Richard\AppData\Roaming\npm-cache\e7560054-chai-as-promise.lock
15 silly lockFile e7560054-chai-as-promise chai-as-promise
16 silly lockFile e7560054-chai-as-promise chai-as-promise
17 verbose addNamed [ 'chai-as-promise', '' ]
18 verbose addNamed [ null, '*' ]
19 silly lockFile 471fb865-chai-as-promise chai-as-promise@
20 verbose lock chai-as-promise@ C:\Users\Richard\AppData\Roaming\npm-cache\471fb865-chai-as-promise.lock
21 silly addNameRange { name: 'chai-as-promise', range: '*', hasData: false }
22 verbose request where is /chai-as-promise
23 verbose request registry https://registry.npmjs.org/
24 verbose request id 20202a04c6d6d73e
25 verbose url raw /chai-as-promise
26 verbose url resolving [ 'https://registry.npmjs.org/', './chai-as-promise' ]
27 verbose url resolved https://registry.npmjs.org/chai-as-promise
28 verbose request where is https://registry.npmjs.org/chai-as-promise
29 info trying registry request attempt 1 at 08:45:25
30 http GET https://registry.npmjs.org/chai-as-promise
31 http 404 https://registry.npmjs.org/chai-as-promise
32 verbose headers { date: 'Fri, 02 Jan 2015 07:45:26 GMT',
32 verbose headers   server: 'CouchDB/1.5.0 (Erlang OTP/R16B03)',
32 verbose headers   'content-type': 'application/json',
32 verbose headers   'cache-control': 'max-age=0',
32 verbose headers   'content-length': '52',
32 verbose headers   'accept-ranges': 'bytes',
32 verbose headers   via: '1.1 varnish',
32 verbose headers   age: '0',
32 verbose headers   'x-served-by': 'cache-fra1245-FRA',
32 verbose headers   'x-cache': 'MISS',
32 verbose headers   'x-cache-hits': '0',
32 verbose headers   'x-timer': 'S1420184725.833908,VS0,VE175',
32 verbose headers   'keep-alive': 'timeout=10, max=50',
32 verbose headers   connection: 'Keep-Alive' }
33 silly registry.get cb [ 404,
33 silly registry.get   { date: 'Fri, 02 Jan 2015 07:45:26 GMT',
33 silly registry.get     server: 'CouchDB/1.5.0 (Erlang OTP/R16B03)',
33 silly registry.get     'content-type': 'application/json',
33 silly registry.get     'cache-control': 'max-age=0',
33 silly registry.get     'content-length': '52',
33 silly registry.get     'accept-ranges': 'bytes',
33 silly registry.get     via: '1.1 varnish',
33 silly registry.get     age: '0',
33 silly registry.get     'x-served-by': 'cache-fra1245-FRA',
33 silly registry.get     'x-cache': 'MISS',
33 silly registry.get     'x-cache-hits': '0',
33 silly registry.get     'x-timer': 'S1420184725.833908,VS0,VE175',
33 silly registry.get     'keep-alive': 'timeout=10, max=50',
33 silly registry.get     connection: 'Keep-Alive' } ]
34 silly lockFile 471fb865-chai-as-promise chai-as-promise@
35 silly lockFile 471fb865-chai-as-promise chai-as-promise@
36 error 404 404 Not Found: chai-as-promise
36 error 404
36 error 404 'chai-as-promise' is not in the npm registry.
36 error 404 You should bug the author to publish it
36 error 404 It was specified as a dependency of 'jobFinder'
36 error 404
36 error 404 Note that you can also install from a
36 error 404 tarball, folder, or http url, or git url.
37 error System Windows_NT 6.2.9200
38 error command "C:\\Program Files\\nodejs\\\\node.exe" "C:\\Program Files\\nodejs\\node_modules\\npm\\bin\\npm-cli.js" "install" "--save-dev" "chai-as-promise"
39 error cwd C:\Dev\pluralsight-ci
40 error node -v v0.10.33
41 error npm -v 1.4.28
42 error code E404
43 verbose exit [ 1, true ]
